<?xml version="1.0" encoding="UTF-8"?>
<!-- Generated by org.testng.reporters.JUnitReportReporter -->
<testsuite hostname="DESKTOP-SVHOJRM" failures="0" tests="2" name="testRunners.ParallelRunner" time="24.351" errors="0" timestamp="2024-11-29T16:18:29 IST" skipped="0">
  <testcase classname="testRunners.ParallelRunner" name="runScenario" time="11.668"/>
  <system-out/>
  <testcase classname="testRunners.ParallelRunner" name="runScenario" time="12.683"/>
  <system-out/>
</testsuite> <!-- testRunners.ParallelRunner -->
